<?xml version="1.0" encoding="UTF-8"?>
<testng-results ignored="0" total="1" passed="1" failed="0" skipped="0">
  <reporter-output>
  </reporter-output>
  <suite started-at="2025-06-05T19:02:34 IST" name="Default suite" finished-at="2025-06-05T19:02:46 IST" duration-ms="12467">
    <groups>
    </groups>
    <test started-at="2025-06-05T19:02:34 IST" name="Default test" finished-at="2025-06-05T19:02:46 IST" duration-ms="12467">
      <class name="tests.PlaceOrderTest">
        <test-method is-config="true" signature="setUpReports()[pri:0, instance:tests.PlaceOrderTest@7eac9008]" started-at="2025-06-05T19:02:34 IST" name="setUpReports" finished-at="2025-06-05T19:02:34 IST" duration-ms="525" status="PASS">
          <reporter-output>
          </reporter-output>
        </test-method> <!-- setUpReports -->
        <test-method is-config="true" signature="beforeMethod()[pri:0, instance:tests.PlaceOrderTest@7eac9008]" started-at="2025-06-05T19:02:34 IST" name="beforeMethod" finished-at="2025-06-05T19:02:38 IST" duration-ms="3265" status="PASS">
          <reporter-output>
          </reporter-output>
        </test-method> <!-- beforeMethod -->
        <test-method signature="testPlaceOrder()[pri:0, instance:tests.PlaceOrderTest@7eac9008]" started-at="2025-06-05T19:02:38 IST" name="testPlaceOrder" finished-at="2025-06-05T19:02:40 IST" duration-ms="2679" status="PASS">
          <reporter-output>
          </reporter-output>
        </test-method> <!-- testPlaceOrder -->
        <test-method is-config="true" signature="afterMethod()[pri:0, instance:tests.PlaceOrderTest@7eac9008]" started-at="2025-06-05T19:02:40 IST" name="afterMethod" finished-at="2025-06-05T19:02:46 IST" duration-ms="5320" status="PASS">
          <reporter-output>
          </reporter-output>
        </test-method> <!-- afterMethod -->
        <test-method is-config="true" signature="writeReports()[pri:0, instance:tests.PlaceOrderTest@7eac9008]" started-at="2025-06-05T19:02:46 IST" name="writeReports" finished-at="2025-06-05T19:02:46 IST" duration-ms="586" status="PASS">
          <reporter-output>
          </reporter-output>
        </test-method> <!-- writeReports -->
      </class> <!-- tests.PlaceOrderTest -->
    </test> <!-- Default test -->
  </suite> <!-- Default suite -->
</testng-results>
